0 info it worked if it ends with ok
1 verbose cli [ 'C:\\Program Files\\nodejs\\node.exe',
1 verbose cli   'C:\\Program Files\\nodejs\\node_modules\\npm\\bin\\npm-cli.js',
1 verbose cli   'install',
1 verbose cli   'secure-compare' ]
2 info using npm@3.10.8
3 info using node@v6.9.1
4 silly loadCurrentTree Starting
5 silly install loadCurrentTree
6 silly install readLocalPackageData
7 silly fetchPackageMetaData secure-compare@3.01
8 silly fetchNamedPackageData secure-compare
9 silly mapToRegistry name secure-compare
10 silly mapToRegistry using default registry
11 silly mapToRegistry registry http://registry.npmjs.org/
12 silly mapToRegistry data Result {
12 silly mapToRegistry   raw: 'secure-compare',
12 silly mapToRegistry   scope: null,
12 silly mapToRegistry   escapedName: 'secure-compare',
12 silly mapToRegistry   name: 'secure-compare',
12 silly mapToRegistry   rawSpec: '',
12 silly mapToRegistry   spec: 'latest',
12 silly mapToRegistry   type: 'tag' }
13 silly mapToRegistry uri http://registry.npmjs.org/secure-compare
14 verbose request uri http://registry.npmjs.org/secure-compare
15 verbose request no auth needed
16 info attempt registry request try #1 at 9:41:49 PM
17 verbose request id fb73aab725a9a3ea
18 verbose etag W/"5519c9db-d72"
19 verbose lastModified Mon, 30 Mar 2015 22:10:35 GMT
20 http request GET http://registry.npmjs.org/secure-compare
21 http 304 http://registry.npmjs.org/secure-compare
22 verbose headers { date: 'Thu, 20 Apr 2017 16:11:49 GMT',
22 verbose headers   via: '1.1 varnish',
22 verbose headers   'cache-control': 'max-age=300',
22 verbose headers   etag: 'W/"5519c9db-d72"',
22 verbose headers   age: '53',
22 verbose headers   connection: 'keep-alive',
22 verbose headers   'x-served-by': 'cache-sin18023-SIN',
22 verbose headers   'x-cache': 'HIT',
22 verbose headers   'x-cache-hits': '2',
22 verbose headers   'x-timer': 'S1492704710.676102,VS0,VE0',
22 verbose headers   vary: 'Accept-Encoding' }
23 silly get cb [ 304,
23 silly get   { date: 'Thu, 20 Apr 2017 16:11:49 GMT',
23 silly get     via: '1.1 varnish',
23 silly get     'cache-control': 'max-age=300',
23 silly get     etag: 'W/"5519c9db-d72"',
23 silly get     age: '53',
23 silly get     connection: 'keep-alive',
23 silly get     'x-served-by': 'cache-sin18023-SIN',
23 silly get     'x-cache': 'HIT',
23 silly get     'x-cache-hits': '2',
23 silly get     'x-timer': 'S1492704710.676102,VS0,VE0',
23 silly get     vary: 'Accept-Encoding' } ]
24 verbose etag http://registry.npmjs.org/secure-compare from cache
25 verbose get saving secure-compare to C:\Users\Pavan.Chippigiri\AppData\Roaming\npm-cache\registry.npmjs.org\secure-compare\.cache.json
26 verbose correctMkdir C:\Users\Pavan.Chippigiri\AppData\Roaming\npm-cache correctMkdir not in flight; initializing
27 silly fetchNamedPackageData No valid target from cache, forcing network
28 verbose request uri http://registry.npmjs.org/secure-compare
29 verbose request no auth needed
30 info attempt registry request try #1 at 9:41:50 PM
31 http request GET http://registry.npmjs.org/secure-compare
32 http 200 http://registry.npmjs.org/secure-compare
33 verbose headers { server: 'nginx/1.10.3',
33 verbose headers   'content-type': 'application/json',
33 verbose headers   'last-modified': 'Mon, 30 Mar 2015 22:10:35 GMT',
33 verbose headers   etag: 'W/"5519c9db-d72"',
33 verbose headers   'content-encoding': 'gzip',
33 verbose headers   'cache-control': 'max-age=300',
33 verbose headers   'content-length': '1132',
33 verbose headers   'accept-ranges': 'bytes',
33 verbose headers   date: 'Thu, 20 Apr 2017 16:11:49 GMT',
33 verbose headers   via: '1.1 varnish',
33 verbose headers   age: '54',
33 verbose headers   connection: 'keep-alive',
33 verbose headers   'x-served-by': 'cache-sin18023-SIN',
33 verbose headers   'x-cache': 'HIT',
33 verbose headers   'x-cache-hits': '3',
33 verbose headers   'x-timer': 'S1492704710.784755,VS0,VE0',
33 verbose headers   vary: 'Accept-Encoding' }
34 silly get cb [ 200,
34 silly get   { server: 'nginx/1.10.3',
34 silly get     'content-type': 'application/json',
34 silly get     'last-modified': 'Mon, 30 Mar 2015 22:10:35 GMT',
34 silly get     etag: 'W/"5519c9db-d72"',
34 silly get     'content-encoding': 'gzip',
34 silly get     'cache-control': 'max-age=300',
34 silly get     'content-length': '1132',
34 silly get     'accept-ranges': 'bytes',
34 silly get     date: 'Thu, 20 Apr 2017 16:11:49 GMT',
34 silly get     via: '1.1 varnish',
34 silly get     age: '54',
34 silly get     connection: 'keep-alive',
34 silly get     'x-served-by': 'cache-sin18023-SIN',
34 silly get     'x-cache': 'HIT',
34 silly get     'x-cache-hits': '3',
34 silly get     'x-timer': 'S1492704710.784755,VS0,VE0',
34 silly get     vary: 'Accept-Encoding' } ]
35 verbose get saving secure-compare to C:\Users\Pavan.Chippigiri\AppData\Roaming\npm-cache\registry.npmjs.org\secure-compare\.cache.json
36 verbose correctMkdir C:\Users\Pavan.Chippigiri\AppData\Roaming\npm-cache correctMkdir not in flight; initializing
37 silly fetchPackageMetaData Error: No compatible version found: secure-compare@3.01
37 silly fetchPackageMetaData Valid install targets:
37 silly fetchPackageMetaData 3.0.1, 0.9.0
37 silly fetchPackageMetaData
37 silly fetchPackageMetaData     at pickVersionFromRegistryDocument (C:\Program Files\nodejs\node_modules\npm\lib\fetch-package-metadata.js:178:16)
37 silly fetchPackageMetaData     at C:\Program Files\nodejs\node_modules\npm\node_modules\iferr\index.js:13:50
37 silly fetchPackageMetaData     at C:\Program Files\nodejs\node_modules\npm\lib\utils\pulse-till-done.js:20:8
37 silly fetchPackageMetaData     at saved (C:\Program Files\nodejs\node_modules\npm\lib\cache\caching-client.js:174:7)
37 silly fetchPackageMetaData     at C:\Program Files\nodejs\node_modules\npm\node_modules\graceful-fs\polyfills.js:233:18
37 silly fetchPackageMetaData     at FSReqWrap.oncomplete (fs.js:123:15)
37 silly fetchPackageMetaData  error for secure-compare@3.01 { Error: No compatible version found: secure-compare@3.01
37 silly fetchPackageMetaData Valid install targets:
37 silly fetchPackageMetaData 3.0.1, 0.9.0
37 silly fetchPackageMetaData
37 silly fetchPackageMetaData     at pickVersionFromRegistryDocument (C:\Program Files\nodejs\node_modules\npm\lib\fetch-package-metadata.js:178:16)
37 silly fetchPackageMetaData     at C:\Program Files\nodejs\node_modules\npm\node_modules\iferr\index.js:13:50
37 silly fetchPackageMetaData     at C:\Program Files\nodejs\node_modules\npm\lib\utils\pulse-till-done.js:20:8
37 silly fetchPackageMetaData     at saved (C:\Program Files\nodejs\node_modules\npm\lib\cache\caching-client.js:174:7)
37 silly fetchPackageMetaData     at C:\Program Files\nodejs\node_modules\npm\node_modules\graceful-fs\polyfills.js:233:18
37 silly fetchPackageMetaData     at FSReqWrap.oncomplete (fs.js:123:15) code: 'ETARGET' }
38 silly rollbackFailedOptional Starting
39 silly rollbackFailedOptional Finishing
40 silly runTopLevelLifecycles Finishing
41 silly install printInstalled
42 verbose stack Error: No compatible version found: secure-compare@3.01
42 verbose stack Valid install targets:
42 verbose stack 3.0.1, 0.9.0
42 verbose stack
42 verbose stack     at pickVersionFromRegistryDocument (C:\Program Files\nodejs\node_modules\npm\lib\fetch-package-metadata.js:178:16)
42 verbose stack     at C:\Program Files\nodejs\node_modules\npm\node_modules\iferr\index.js:13:50
42 verbose stack     at C:\Program Files\nodejs\node_modules\npm\lib\utils\pulse-till-done.js:20:8
42 verbose stack     at saved (C:\Program Files\nodejs\node_modules\npm\lib\cache\caching-client.js:174:7)
42 verbose stack     at C:\Program Files\nodejs\node_modules\npm\node_modules\graceful-fs\polyfills.js:233:18
42 verbose stack     at FSReqWrap.oncomplete (fs.js:123:15)
43 verbose cwd C:\Users\Pavan.Chippigiri\Desktop\firebase carpool\functions
44 error Windows_NT 6.1.7601
45 error argv "C:\\Program Files\\nodejs\\node.exe" "C:\\Program Files\\nodejs\\node_modules\\npm\\bin\\npm-cli.js" "install" "secure-compare"
46 error node v6.9.1
47 error npm  v3.10.8
48 error code ETARGET
49 error notarget No compatible version found: secure-compare@3.01
49 error notarget Valid install targets:
49 error notarget 3.0.1, 0.9.0
50 error notarget This is most likely not a problem with npm itself.
50 error notarget In most cases you or one of your dependencies are requesting
50 error notarget a package version that doesn't exist.
51 verbose exit [ 1, true ]
